Arguments: 
  /usr/local/bin/node /usr/local/bin/yarn run ts-run anagram.ts

PATH: 
  /usr/local/bin:/usr/bin:/bin:/usr/sbin:/sbin:/Library/Frameworks/Mono.framework/Versions/Current/Commands:/Users/apple/.sdkman/candidates/springboot/current/bin:/Users/apple/.sdkman/candidates/groovy/current/bin:/Users/apple/.sdkman/candidates/gradle/current/bin:/usr/local/mongodb/bin:/Users/apple/Desktop/NBIS_SOFTWARE/bin:/usr/local:usr/X11/bin:usr/include:/Users/apple/Documents/glassfish4/bin:/Users/apple/Documents/glassfish4/glassfish/bin:/Library/Java/JavaVirtualMachines/jdk1.8.0_91.jdk/Contents/Home/bin:/usr/local/lib:/Users/apple/Documents/maven/bin:/Users/apple/.nexustools:/usr/local/mongodb/bin:/Users/apple/Desktop/NBIS_SOFTWARE/bin:/usr/local:usr/X11/bin:usr/include:/Users/apple/Documents/glassfish4/bin:/Users/apple/Documents/glassfish4/glassfish/bin:/Library/Java/JavaVirtualMachines/jdk1.8.0_91.jdk/Contents/Home/bin:/usr/local/bin:/usr/local/lib:/Users/apple/Documents/maven/bin:/Users/apple/.nexustools:/Users/apple/.nexustools

Yarn version: 
  1.5.1

Node version: 
  6.10.3

Platform: 
  darwin x64

npm manifest: 
  {
    "name": "dsa-in-javascript",
    "version": "1.0.0",
    "description": "",
    "main": "index.js",
    "scripts": {
      "test": "echo \"Error: no test specified\" && exit 1",
      "ts-run": "ts-node"
    },
    "author": "yogendra saxena",
    "license": "ISC",
    "dependencies": {
      "ts-node": "^8.4.1",
      "typescript": "^3.6.3"
    }
  }

yarn manifest: 
  No manifest

Lockfile: 
  # THIS IS AN AUTOGENERATED FILE. DO NOT EDIT THIS FILE DIRECTLY.
  # yarn lockfile v1
  
  
  arg@^4.1.0:
    version "4.1.1"
    resolved "https://registry.yarnpkg.com/arg/-/arg-4.1.1.tgz#485f8e7c390ce4c5f78257dbea80d4be11feda4c"
  
  buffer-from@^1.0.0:
    version "1.1.1"
    resolved "https://registry.yarnpkg.com/buffer-from/-/buffer-from-1.1.1.tgz#32713bc028f75c02fdb710d7c7bcec1f2c6070ef"
  
  diff@^4.0.1:
    version "4.0.1"
    resolved "https://registry.yarnpkg.com/diff/-/diff-4.0.1.tgz#0c667cb467ebbb5cea7f14f135cc2dba7780a8ff"
  
  make-error@^1.1.1:
    version "1.3.5"
    resolved "https://registry.yarnpkg.com/make-error/-/make-error-1.3.5.tgz#efe4e81f6db28cadd605c70f29c831b58ef776c8"
  
  source-map-support@^0.5.6:
    version "0.5.13"
    resolved "https://registry.yarnpkg.com/source-map-support/-/source-map-support-0.5.13.tgz#31b24a9c2e73c2de85066c0feb7d44767ed52932"
    dependencies:
      buffer-from "^1.0.0"
      source-map "^0.6.0"
  
  source-map@^0.6.0:
    version "0.6.1"
    resolved "https://registry.yarnpkg.com/source-map/-/source-map-0.6.1.tgz#74722af32e9614e9c287a8d0bbde48b5e2f1a263"
  
  ts-node@^8.4.1:
    version "8.4.1"
    resolved "https://registry.yarnpkg.com/ts-node/-/ts-node-8.4.1.tgz#270b0dba16e8723c9fa4f9b4775d3810fd994b4f"
    dependencies:
      arg "^4.1.0"
      diff "^4.0.1"
      make-error "^1.1.1"
      source-map-support "^0.5.6"
      yn "^3.0.0"
  
  typescript@^3.6.3:
    version "3.6.3"
    resolved "https://registry.yarnpkg.com/typescript/-/typescript-3.6.3.tgz#fea942fabb20f7e1ca7164ff626f1a9f3f70b4da"
  
  yn@^3.0.0:
    version "3.1.1"
    resolved "https://registry.yarnpkg.com/yn/-/yn-3.1.1.tgz#1e87401a09d767c1d5eab26a6e4c185182d2eb50"

Trace: 
  Error: Command failed.
  Exit code: 1
  Command: sh
  Arguments: -c ts-node anagram.ts
  Directory: /Users/apple/Desktop/DSA-JavaScript
  Output:
  
      at ProcessTermError.Error (native)
      at ProcessTermError.MessageError (/usr/local/lib/node_modules/yarn/lib/cli.js:186:110)
      at new ProcessTermError (/usr/local/lib/node_modules/yarn/lib/cli.js:226:113)
      at ChildProcess.<anonymous> (/usr/local/lib/node_modules/yarn/lib/cli.js:30281:17)
      at emitTwo (events.js:106:13)
      at ChildProcess.emit (events.js:191:7)
      at maybeClose (internal/child_process.js:886:16)
      at Process.ChildProcess._handle.onexit (internal/child_process.js:226:5)
